# JRE version: OpenJDK Runtime Environment GraalVM CE 22.3.0 (17.0.5+8) (build 17.0.5+8-jvmci-22.3-b08)
# Java VM: OpenJDK 64-Bit Server VM GraalVM CE 22.3.0 (17.0.5+8-jvmci-22.3-b08, mixed mode, sharing, tiered, jvmci, jvmci compiler, compressed oops, compressed class ptrs, parallel gc, linux-amd64)
GC Precious Log:
 CPUs: 8 total, 1 available
 Memory: 1024M
 Large Page Support: Disabled
 NUMA Support: Disabled
 Compressed Oops: Enabled (32-bit)
 Alignments: Space 512K, Generation 512K, Heap 2M
 Heap Min Capacity: 100M
 Heap Initial Capacity: 100M
 Heap Max Capacity: 512M
 Pre-touch: Disabled
 Parallel Workers: 1
Heap:
 PSYoungGen      total 45568K, used 33280K [0x00000000f5580000, 0x00000000fa880000, 0x0000000100000000)
  eden space 33280K, 100% used [0x00000000f5580000,0x00000000f7600000,0x00000000f7600000)
  from space 12288K, 0% used [0x00000000f7600000,0x00000000f7600000,0x00000000f8200000)
  to   space 23040K, 0% used [0x00000000f9200000,0x00000000f9200000,0x00000000fa880000)
 ParOldGen       total 349696K, used 349695K [0x00000000e0000000, 0x00000000f5580000, 0x00000000f5580000)
  object space 349696K, 99% used [0x00000000e0000000,0x00000000f557ff78,0x00000000f5580000)
 Metaspace       used 55975K, committed 56768K, reserved 1105920K
  class space    used 5526K, committed 5824K, reserved 1048576K
GC Heap History (20 events):
Event: 1306.098 GC heap before
{Heap before GC invocations=936 (full 823):
 PSYoungGen      total 45568K, used 33279K [0x00000000f5580000, 0x00000000fa880000, 0x0000000100000000)
  eden space 33280K, 99% used [0x00000000f5580000,0x00000000f75ffff0,0x00000000f7600000)
  from space 12288K, 0% used [0x00000000f7600000,0x00000000f7600000,0x00000000f8200000)
  to   space 23040K, 0% used [0x00000000f9200000,0x00000000f9200000,0x00000000fa880000)
 ParOldGen       total 349696K, used 349691K [0x00000000e0000000, 0x00000000f5580000, 0x00000000f5580000)
  object space 349696K, 99% used [0x00000000e0000000,0x00000000f557eea0,0x00000000f5580000)
 Metaspace       used 55975K, committed 56768K, reserved 1105920K
  class space    used 5526K, committed 5824K, reserved 1048576K
}
Event: 1307.489 GC heap after
{Heap after GC invocations=936 (full 823):
 PSYoungGen      total 56320K, used 33279K [0x00000000f5580000, 0x00000000fa880000, 0x0000000100000000)
  eden space 33280K, 99% used [0x00000000f5580000,0x00000000f75fffd0,0x00000000f7600000)
  from space 23040K, 0% used [0x00000000f9200000,0x00000000f9200000,0x00000000fa880000)
  to   space 12288K, 0% used [0x00000000f7600000,0x00000000f7600000,0x00000000f8200000)
 ParOldGen       total 349696K, used 349691K [0x00000000e0000000, 0x00000000f5580000, 0x00000000f5580000)
  object space 349696K, 99% used [0x00000000e0000000,0x00000000f557eea0,0x00000000f5580000)
 Metaspace       used 55975K, committed 56768K, reserved 1105920K
  class space    used 5526K, committed 5824K, reserved 1048576K
}
Event: 1307.489 GC heap before
{Heap before GC invocations=937 (full 824):
 PSYoungGen      total 56320K, used 33280K [0x00000000f5580000, 0x00000000fa880000, 0x0000000100000000)
  eden space 33280K, 100% used [0x00000000f5580000,0x00000000f7600000,0x00000000f7600000)
  from space 23040K, 0% used [0x00000000f9200000,0x00000000f9200000,0x00000000fa880000)
  to   space 12288K, 0% used [0x00000000f7600000,0x00000000f7600000,0x00000000f8200000)
 ParOldGen       total 349696K, used 349691K [0x00000000e0000000, 0x00000000f5580000, 0x00000000f5580000)
  object space 349696K, 99% used [0x00000000e0000000,0x00000000f557eea0,0x00000000f5580000)
 Metaspace       used 55975K, committed 56768K, reserved 1105920K
  class space    used 5526K, committed 5824K, reserved 1048576K
}
Event: 1308.922 GC heap after
{Heap after GC invocations=937 (full 824):
 PSYoungGen      total 45568K, used 33279K [0x00000000f5580000, 0x00000000fa880000, 0x0000000100000000)
  eden space 33280K, 99% used [0x00000000f5580000,0x00000000f75fffe0,0x00000000f7600000)
  from space 12288K, 0% used [0x00000000f7600000,0x00000000f7600000,0x00000000f8200000)
  to   space 23040K, 0% used [0x00000000f9200000,0x00000000f9200000,0x00000000fa880000)
 ParOldGen       total 349696K, used 349691K [0x00000000e0000000, 0x00000000f5580000, 0x00000000f5580000)
  object space 349696K, 99% used [0x00000000e0000000,0x00000000f557eea0,0x00000000f5580000)
 Metaspace       used 55975K, committed 56768K, reserved 1105920K
  class space    used 5526K, committed 5824K, reserved 1048576K
}
Event: 1308.923 GC heap before
{Heap before GC invocations=938 (full 825):
 PSYoungGen      total 45568K, used 33279K [0x00000000f5580000, 0x00000000fa880000, 0x0000000100000000)
  eden space 33280K, 99% used [0x00000000f5580000,0x00000000f75ffff8,0x00000000f7600000)
  from space 12288K, 0% used [0x00000000f7600000,0x00000000f7600000,0x00000000f8200000)
  to   space 23040K, 0% used [0x00000000f9200000,0x00000000f9200000,0x00000000fa880000)
 ParOldGen       total 349696K, used 349691K [0x00000000e0000000, 0x00000000f5580000, 0x00000000f5580000)
  object space 349696K, 99% used [0x00000000e0000000,0x00000000f557eea0,0x00000000f5580000)
 Metaspace       used 55975K, committed 56768K, reserved 1105920K
  class space    used 5526K, committed 5824K, reserved 1048576K
}
Event: 1310.202 GC heap after
{Heap after GC invocations=938 (full 825):
 PSYoungGen      total 56320K, used 33279K [0x00000000f5580000, 0x00000000fa880000, 0x0000000100000000)
  eden space 33280K, 99% used [0x00000000f5580000,0x00000000f75ffff8,0x00000000f7600000)
  from space 23040K, 0% used [0x00000000f9200000,0x00000000f9200000,0x00000000fa880000)
  to   space 12288K, 0% used [0x00000000f7600000,0x00000000f7600000,0x00000000f8200000)
 ParOldGen       total 349696K, used 349691K [0x00000000e0000000, 0x00000000f5580000, 0x00000000f5580000)
  object space 349696K, 99% used [0x00000000e0000000,0x00000000f557eea0,0x00000000f5580000)
 Metaspace       used 55975K, committed 56768K, reserved 1105920K
  class space    used 5526K, committed 5824K, reserved 1048576K
}
Event: 1310.202 GC heap before
{Heap before GC invocations=939 (full 826):
 PSYoungGen      total 56320K, used 33279K [0x00000000f5580000, 0x00000000fa880000, 0x0000000100000000)
  eden space 33280K, 99% used [0x00000000f5580000,0x00000000f75ffff8,0x00000000f7600000)
  from space 23040K, 0% used [0x00000000f9200000,0x00000000f9200000,0x00000000fa880000)
  to   space 12288K, 0% used [0x00000000f7600000,0x00000000f7600000,0x00000000f8200000)
 ParOldGen       total 349696K, used 349693K [0x00000000e0000000, 0x00000000f5580000, 0x00000000f5580000)
  object space 349696K, 99% used [0x00000000e0000000,0x00000000f557f740,0x00000000f5580000)
 Metaspace       used 55975K, committed 56768K, reserved 1105920K
  class space    used 5526K, committed 5824K, reserved 1048576K
}
Event: 1311.623 GC heap after
{Heap after GC invocations=939 (full 826):
 PSYoungGen      total 45568K, used 33279K [0x00000000f5580000, 0x00000000fa880000, 0x0000000100000000)
  eden space 33280K, 99% used [0x00000000f5580000,0x00000000f75fffb0,0x00000000f7600000)
  from space 12288K, 0% used [0x00000000f7600000,0x00000000f7600000,0x00000000f8200000)
  to   space 23040K, 0% used [0x00000000f9200000,0x00000000f9200000,0x00000000fa880000)
 ParOldGen       total 349696K, used 349693K [0x00000000e0000000, 0x00000000f5580000, 0x00000000f5580000)
  object space 349696K, 99% used [0x00000000e0000000,0x00000000f557f5b8,0x00000000f5580000)
 Metaspace       used 55975K, committed 56768K, reserved 1105920K
  class space    used 5526K, committed 5824K, reserved 1048576K
}
Event: 1311.628 GC heap before
{Heap before GC invocations=940 (full 827):
 PSYoungGen      total 45568K, used 33280K [0x00000000f5580000, 0x00000000fa880000, 0x0000000100000000)
  eden space 33280K, 100% used [0x00000000f5580000,0x00000000f7600000,0x00000000f7600000)
  from space 12288K, 0% used [0x00000000f7600000,0x00000000f7600000,0x00000000f8200000)
  to   space 23040K, 0% used [0x00000000f9200000,0x00000000f9200000,0x00000000fa880000)
 ParOldGen       total 349696K, used 349693K [0x00000000e0000000, 0x00000000f5580000, 0x00000000f5580000)
  object space 349696K, 99% used [0x00000000e0000000,0x00000000f557f5b8,0x00000000f5580000)
 Metaspace       used 55975K, committed 56768K, reserved 1105920K
  class space    used 5526K, committed 5824K, reserved 1048576K
}
Event: 1313.596 GC heap after
{Heap after GC invocations=940 (full 827):
 PSYoungGen      total 56320K, used 33279K [0x00000000f5580000, 0x00000000fa880000, 0x0000000100000000)
  eden space 33280K, 99% used [0x00000000f5580000,0x00000000f75fffd0,0x00000000f7600000)
  from space 23040K, 0% used [0x00000000f9200000,0x00000000f9200000,0x00000000fa880000)
  to   space 12288K, 0% used [0x00000000f7600000,0x00000000f7600000,0x00000000f8200000)
 ParOldGen       total 349696K, used 349693K [0x00000000e0000000, 0x00000000f5580000, 0x00000000f5580000)
  object space 349696K, 99% used [0x00000000e0000000,0x00000000f557f598,0x00000000f5580000)
 Metaspace       used 55975K, committed 56768K, reserved 1105920K
  class space    used 5526K, committed 5824K, reserved 1048576K
}
Event: 1313.596 GC heap before
{Heap before GC invocations=941 (full 828):
 PSYoungGen      total 56320K, used 33280K [0x00000000f5580000, 0x00000000fa880000, 0x0000000100000000)
  eden space 33280K, 100% used [0x00000000f5580000,0x00000000f7600000,0x00000000f7600000)
  from space 23040K, 0% used [0x00000000f9200000,0x00000000f9200000,0x00000000fa880000)
  to   space 12288K, 0% used [0x00000000f7600000,0x00000000f7600000,0x00000000f8200000)
 ParOldGen       total 349696K, used 349693K [0x00000000e0000000, 0x00000000f5580000, 0x00000000f5580000)
  object space 349696K, 99% used [0x00000000e0000000,0x00000000f557f598,0x00000000f5580000)
 Metaspace       used 55975K, committed 56768K, reserved 1105920K
  class space    used 5526K, committed 5824K, reserved 1048576K
}
Event: 1315.056 GC heap after
{Heap after GC invocations=941 (full 828):
 PSYoungGen      total 45568K, used 33279K [0x00000000f5580000, 0x00000000fa880000, 0x0000000100000000)
  eden space 33280K, 99% used [0x00000000f5580000,0x00000000f75fffd0,0x00000000f7600000)
  from space 12288K, 0% used [0x00000000f7600000,0x00000000f7600000,0x00000000f8200000)
  to   space 23040K, 0% used [0x00000000f9200000,0x00000000f9200000,0x00000000fa880000)
 ParOldGen       total 349696K, used 349693K [0x00000000e0000000, 0x00000000f5580000, 0x00000000f5580000)
  object space 349696K, 99% used [0x00000000e0000000,0x00000000f557f598,0x00000000f5580000)
 Metaspace       used 55975K, committed 56768K, reserved 1105920K
  class space    used 5526K, committed 5824K, reserved 1048576K
}
Event: 1315.056 GC heap before
{Heap before GC invocations=942 (full 829):
 PSYoungGen      total 45568K, used 33280K [0x00000000f5580000, 0x00000000fa880000, 0x0000000100000000)
  eden space 33280K, 100% used [0x00000000f5580000,0x00000000f7600000,0x00000000f7600000)
  from space 12288K, 0% used [0x00000000f7600000,0x00000000f7600000,0x00000000f8200000)
  to   space 23040K, 0% used [0x00000000f9200000,0x00000000f9200000,0x00000000fa880000)
 ParOldGen       total 349696K, used 349693K [0x00000000e0000000, 0x00000000f5580000, 0x00000000f5580000)
  object space 349696K, 99% used [0x00000000e0000000,0x00000000f557f598,0x00000000f5580000)
 Metaspace       used 55975K, committed 56768K, reserved 1105920K
  class space    used 5526K, committed 5824K, reserved 1048576K
}
Event: 1316.760 GC heap after
{Heap after GC invocations=942 (full 829):
 PSYoungGen      total 56320K, used 33279K [0x00000000f5580000, 0x00000000fa880000, 0x0000000100000000)
  eden space 33280K, 99% used [0x00000000f5580000,0x00000000f75fffd0,0x00000000f7600000)
  from space 23040K, 0% used [0x00000000f9200000,0x00000000f9200000,0x00000000fa880000)
  to   space 12288K, 0% used [0x00000000f7600000,0x00000000f7600000,0x00000000f8200000)
 ParOldGen       total 349696K, used 349693K [0x00000000e0000000, 0x00000000f5580000, 0x00000000f5580000)
  object space 349696K, 99% used [0x00000000e0000000,0x00000000f557f578,0x00000000f5580000)
 Metaspace       used 55975K, committed 56768K, reserved 1105920K
  class space    used 5526K, committed 5824K, reserved 1048576K
}
Event: 1316.764 GC heap before
{Heap before GC invocations=943 (full 830):
 PSYoungGen      total 56320K, used 33279K [0x00000000f5580000, 0x00000000fa880000, 0x0000000100000000)
  eden space 33280K, 99% used [0x00000000f5580000,0x00000000f75ffff0,0x00000000f7600000)
  from space 23040K, 0% used [0x00000000f9200000,0x00000000f9200000,0x00000000fa880000)
  to   space 12288K, 0% used [0x00000000f7600000,0x00000000f7600000,0x00000000f8200000)
 ParOldGen       total 349696K, used 349693K [0x00000000e0000000, 0x00000000f5580000, 0x00000000f5580000)
  object space 349696K, 99% used [0x00000000e0000000,0x00000000f557f578,0x00000000f5580000)
 Metaspace       used 55975K, committed 56768K, reserved 1105920K
  class space    used 5526K, committed 5824K, reserved 1048576K
}
Event: 1318.124 GC heap after
{Heap after GC invocations=943 (full 830):
 PSYoungGen      total 45568K, used 33279K [0x00000000f5580000, 0x00000000fa880000, 0x0000000100000000)
  eden space 33280K, 99% used [0x00000000f5580000,0x00000000f75fffd0,0x00000000f7600000)
  from space 12288K, 0% used [0x00000000f7600000,0x00000000f7600000,0x00000000f8200000)
  to   space 23040K, 0% used [0x00000000f9200000,0x00000000f9200000,0x00000000fa880000)
 ParOldGen       total 349696K, used 349693K [0x00000000e0000000, 0x00000000f5580000, 0x00000000f5580000)
  object space 349696K, 99% used [0x00000000e0000000,0x00000000f557f578,0x00000000f5580000)
 Metaspace       used 55975K, committed 56768K, reserved 1105920K
  class space    used 5526K, committed 5824K, reserved 1048576K
}
Event: 1318.125 GC heap before
{Heap before GC invocations=944 (full 831):
 PSYoungGen      total 45568K, used 33279K [0x00000000f5580000, 0x00000000fa880000, 0x0000000100000000)
  eden space 33280K, 99% used [0x00000000f5580000,0x00000000f75ffff8,0x00000000f7600000)
  from space 12288K, 0% used [0x00000000f7600000,0x00000000f7600000,0x00000000f8200000)
  to   space 23040K, 0% used [0x00000000f9200000,0x00000000f9200000,0x00000000fa880000)
 ParOldGen       total 349696K, used 349693K [0x00000000e0000000, 0x00000000f5580000, 0x00000000f5580000)
  object space 349696K, 99% used [0x00000000e0000000,0x00000000f557f708,0x00000000f5580000)
 Metaspace       used 55975K, committed 56768K, reserved 1105920K
  class space    used 5526K, committed 5824K, reserved 1048576K
}
Event: 1319.582 GC heap after
{Heap after GC invocations=944 (full 831):
 PSYoungGen      total 56320K, used 33279K [0x00000000f5580000, 0x00000000fa880000, 0x0000000100000000)
  eden space 33280K, 99% used [0x00000000f5580000,0x00000000f75fffe8,0x00000000f7600000)
  from space 23040K, 0% used [0x00000000f9200000,0x00000000f9200000,0x00000000fa880000)
  to   space 12288K, 0% used [0x00000000f7600000,0x00000000f7600000,0x00000000f8200000)
 ParOldGen       total 349696K, used 349693K [0x00000000e0000000, 0x00000000f5580000, 0x00000000f5580000)
  object space 349696K, 99% used [0x00000000e0000000,0x00000000f557f6c8,0x00000000f5580000)
 Metaspace       used 55975K, committed 56768K, reserved 1105920K
  class space    used 5526K, committed 5824K, reserved 1048576K
}
Event: 1319.583 GC heap before
{Heap before GC invocations=945 (full 832):
 PSYoungGen      total 56320K, used 33279K [0x00000000f5580000, 0x00000000fa880000, 0x0000000100000000)
  eden space 33280K, 99% used [0x00000000f5580000,0x00000000f75fffe8,0x00000000f7600000)
  from space 23040K, 0% used [0x00000000f9200000,0x00000000f9200000,0x00000000fa880000)
  to   space 12288K, 0% used [0x00000000f7600000,0x00000000f7600000,0x00000000f8200000)
 ParOldGen       total 349696K, used 349693K [0x00000000e0000000, 0x00000000f5580000, 0x00000000f5580000)
  object space 349696K, 99% used [0x00000000e0000000,0x00000000f557f6c8,0x00000000f5580000)
 Metaspace       used 55975K, committed 56768K, reserved 1105920K
  class space    used 5526K, committed 5824K, reserved 1048576K
}
Event: 1321.126 GC heap after
{Heap after GC invocations=945 (full 832):
 PSYoungGen      total 45568K, used 33279K [0x00000000f5580000, 0x00000000fa880000, 0x0000000100000000)
  eden space 33280K, 99% used [0x00000000f5580000,0x00000000f75fffe8,0x00000000f7600000)
  from space 12288K, 0% used [0x00000000f7600000,0x00000000f7600000,0x00000000f8200000)
  to   space 23040K, 0% used [0x00000000f9200000,0x00000000f9200000,0x00000000fa880000)
 ParOldGen       total 349696K, used 349693K [0x00000000e0000000, 0x00000000f5580000, 0x00000000f5580000)
  object space 349696K, 99% used [0x00000000e0000000,0x00000000f557f6c8,0x00000000f5580000)
 Metaspace       used 55975K, committed 56768K, reserved 1105920K
  class space    used 5526K, committed 5824K, reserved 1048576K
}

